生成启动时间为 2018/6/11 18:04:44。
     1>项目“E:\谭杰_毕设论文和代码\代码\virtualKeyboard\chufa\chufa.vcxproj”在节点 2 上(Build 个目标)。
     1>ClCompile:
         F:\VS2013\VC\bin\CL.exe /c /ZI /nologo /W3 /WX- /sdl /Od /Oy- /D _MBCS /Gm /EHsc /RTC1 /MDd /GS /fp:precise /Zc:wchar_t /Zc:forScope /Fo"Debug\\" /Fd"Debug\vc120.pdb" /Gd /TP /analyze- /errorReport:prompt main.cpp
         main.cpp
     1>f:\opencv3.0\opencv\build\include\opencv2\core\mat.hpp(1965): warning C4819: 该文件包含不能在当前代码页(936)中表示的字符。请将该文件保存为 Unicode 格式以防止数据丢失
     1>f:\opencv3.0\opencv\build\include\opencv2\core\persistence.hpp : warning C4819: 该文件包含不能在当前代码页(936)中表示的字符。请将该文件保存为 Unicode 格式以防止数据丢失
     1>f:\opencv3.0\opencv\build\include\opencv2\core\utility.hpp : warning C4819: 该文件包含不能在当前代码页(936)中表示的字符。请将该文件保存为 Unicode 格式以防止数据丢失
     1>e:\谭杰_毕设论文和代码\代码\virtualkeyboard\chufa\main.cpp(140): warning C4244: “参数”: 从“double”转换到“int”，可能丢失数据
       Link:
         F:\VS2013\VC\bin\link.exe /ERRORREPORT:PROMPT /OUT:"E:\谭杰_毕设论文和代码\代码\virtualKeyboard\Debug\chufa.exe" /INCREMENTAL /NOLOGO opencv_world300d.lib opencv_ts300d.lib opencv_ts300d.lib opencv_world300d.lib opencv_ts300.lib opencv_world300.lib kernel32.lib user32.lib gdi32.lib winspool.lib comdlg32.lib advapi32.lib shell32.lib ole32.lib oleaut32.lib uuid.lib odbc32.lib odbccp32.lib /MANIFEST /MANIFESTUAC:"level='asInvoker' uiAccess='false'" /manifest:embed /DEBUG /PDB:"E:\谭杰_毕设论文和代码\代码\virtualKeyboard\Debug\chufa.pdb" /TLBID:1 /DYNAMICBASE /NXCOMPAT /IMPLIB:"E:\谭杰_毕设论文和代码\代码\virtualKeyboard\Debug\chufa.lib" /MACHINE:X86 Debug\AdaptiveSkinDetector_detec.obj
         Debug\big_contours.obj
         Debug\center_contours.obj
         Debug\convexHull_detection.obj
         Debug\fingertip_image.obj
         Debug\HSV_detector.obj
         Debug\image_add.obj
         Debug\image_binary.obj
         Debug\image_contours.obj
         Debug\image_enrode_dilate.obj
         Debug\keyboard_detect.obj
         Debug\keyboard_detect1.obj
         Debug\keyboard_pointtran.obj
         Debug\keyboard_transformation.obj
         Debug\k_fingertip.obj
         Debug\main.obj
         Debug\Onmouse.obj
         Debug\skinextract.obj
         chufa.vcxproj -> E:\谭杰_毕设论文和代码\代码\virtualKeyboard\Debug\chufa.exe
     1>已完成生成项目“E:\谭杰_毕设论文和代码\代码\virtualKeyboard\chufa\chufa.vcxproj”(Build 个目标)的操作。

生成成功。

已用时间 00:00:02.20
